<?xml version="1.0" encoding="UTF-8"?>
<testsuite name="org.espetro.logistics.resupply.ResupplyItemIdentityTest" tests="4" skipped="0" failures="0" errors="0" timestamp="2026-08-22T18:59:42" hostname="cachyos-x8664" time="0.006">
  <properties/>
  <testcase name="magazineKeyIgnoresRemainingAmmoAndUsesFamilyAmmoCapacity()" classname="org.espetro.logistics.resupply.ResupplyItemIdentityTest" time="0.003"/>
  <testcase name="missingNbtMatchesEveryTagVariantOfTheSameItem()" classname="org.espetro.logistics.resupply.ResupplyItemIdentityTest" time="0.0"/>
  <testcase name="spareMagazineCommandsIgnoreGunEmbeddedMagazines()" classname="org.espetro.logistics.resupply.ResupplyItemIdentityTest" time="0.0"/>
  <testcase name="explicitNbtAndInlineSnbtBothRequireExactTagMatch()" classname="org.espetro.logistics.resupply.ResupplyItemIdentityTest" time="0.001"/>
  <system-out><![CDATA[]]></system-out>
  <system-err><![CDATA[]]></system-err>
</testsuite>
