<?xml version="1.0" encoding="UTF-8"?>
<testsuite name="org.espetro.vehicle.VehicleSeatAccessPolicyTest" tests="14" skipped="0" failures="0" errors="0" timestamp="2026-08-08T20:35:22" hostname="cachyos-x8664" time="0.037">
  <properties/>
  <testcase name="nonCrewMountUsesFirstEmptyUnrestrictedSeat()" classname="org.espetro.vehicle.VehicleSeatAccessPolicyTest" time="0.001"/>
  <testcase name="nonCrewMountIsRejectedWhenOnlyRestrictedOrOccupiedSeatsRemain()" classname="org.espetro.vehicle.VehicleSeatAccessPolicyTest" time="0.0"/>
  <testcase name="[1] TANK, 0, true" classname="org.espetro.vehicle.VehicleSeatAccessPolicyTest" time="0.008"/>
  <testcase name="[2] TANK, 1, true" classname="org.espetro.vehicle.VehicleSeatAccessPolicyTest" time="0.0"/>
  <testcase name="[3] TANK, 2, true" classname="org.espetro.vehicle.VehicleSeatAccessPolicyTest" time="0.001"/>
  <testcase name="[4] TANK, 3, false" classname="org.espetro.vehicle.VehicleSeatAccessPolicyTest" time="0.0"/>
  <testcase name="[5] IFV, 0, true" classname="org.espetro.vehicle.VehicleSeatAccessPolicyTest" time="0.0"/>
  <testcase name="[6] IFV, 1, true" classname="org.espetro.vehicle.VehicleSeatAccessPolicyTest" time="0.001"/>
  <testcase name="[7] IFV, 2, false" classname="org.espetro.vehicle.VehicleSeatAccessPolicyTest" time="0.0"/>
  <testcase name="[8] HELICOPTER, 0, true" classname="org.espetro.vehicle.VehicleSeatAccessPolicyTest" time="0.0"/>
  <testcase name="[9] HELICOPTER, 1, false" classname="org.espetro.vehicle.VehicleSeatAccessPolicyTest" time="0.001"/>
  <testcase name="[10] OTHER, 0, false" classname="org.espetro.vehicle.VehicleSeatAccessPolicyTest" time="0.0"/>
  <testcase name="[11] OTHER, 1, false" classname="org.espetro.vehicle.VehicleSeatAccessPolicyTest" time="0.001"/>
  <testcase name="explicitCrewFlagOverridesLegacyIconFallback()" classname="org.espetro.vehicle.VehicleSeatAccessPolicyTest" time="0.001"/>
  <system-out><![CDATA[]]></system-out>
  <system-err><![CDATA[]]></system-err>
</testsuite>
