<?xml version="1.0" encoding="UTF-8"?>
<testsuite name="org.espetro.client.gui.FactionSelectionImageResolverTest" tests="3" skipped="0" failures="0" errors="0" timestamp="2026-08-28T10:28:29" hostname="cachyos-x8664" time="0.004">
  <properties/>
  <testcase name="ignoresResourceLocationsAndMissingFiles(Path)" classname="org.espetro.client.gui.FactionSelectionImageResolverTest" time="0.001"/>
  <testcase name="rejectsPathsOutsideClientEsFactions(Path)" classname="org.espetro.client.gui.FactionSelectionImageResolverTest" time="0.0"/>
  <testcase name="resolvesRelativeImageFromClientEsFactions(Path)" classname="org.espetro.client.gui.FactionSelectionImageResolverTest" time="0.001"/>
  <system-out><![CDATA[]]></system-out>
  <system-err><![CDATA[]]></system-err>
</testsuite>
