<?xml version="1.0" encoding="UTF-8"?>
<testsuite name="org.espetro.team.ClassSwitchCooldownTrackerTest" tests="2" skipped="0" failures="0" errors="0" timestamp="2026-07-29T18:44:24" hostname="cachyos-x8664" time="0.002">
  <properties/>
  <testcase name="tracksEveryPlayerIndependentlyAndRoundsRemainingTimeUp()" classname="org.espetro.team.ClassSwitchCooldownTrackerTest" time="0.001"/>
  <testcase name="zeroSecondsDisablesCooldownAndRoundResetClearsAllPlayers()" classname="org.espetro.team.ClassSwitchCooldownTrackerTest" time="0.001"/>
  <system-out><![CDATA[]]></system-out>
  <system-err><![CDATA[]]></system-err>
</testsuite>
