<?xml version="1.0" encoding="UTF-8"?>
<testsuite name="org.espetro.bastion.FortificationProgressPolicyTest" tests="4" skipped="0" failures="0" errors="0" timestamp="2026-08-22T18:59:42" hostname="cachyos-x8664" time="0.004">
  <properties/>
  <testcase name="radioExplosionReductionCannotFinishStructureIfEachPartSettlesOnce()" classname="org.espetro.bastion.FortificationProgressPolicyTest" time="0.001"/>
  <testcase name="stageRevealsNumericLayersMonotonically()" classname="org.espetro.bastion.FortificationProgressPolicyTest" time="0.0"/>
  <testcase name="proportionalDamageDestroysAWholeStructureWithoutRoundingImmortality()" classname="org.espetro.bastion.FortificationProgressPolicyTest" time="0.0"/>
  <testcase name="repairRestoresOnlyTheNumberOfPartsSupportedByProgress()" classname="org.espetro.bastion.FortificationProgressPolicyTest" time="0.0"/>
  <system-out><![CDATA[]]></system-out>
  <system-err><![CDATA[]]></system-err>
</testsuite>
