<?xml version="1.0" encoding="UTF-8"?>
<testsuite name="org.espetro.client.gui.ClientGameStateTest" tests="2" skipped="0" failures="0" errors="0" timestamp="2026-08-22T18:59:42" hostname="cachyos-x8664" time="0.003">
  <properties/>
  <testcase name="battleTimerUsesServerAnchorAndDecrementsLocally()" classname="org.espetro.client.gui.ClientGameStateTest" time="0.002"/>
  <testcase name="missingTimerRemainsHiddenAndClockSkewCannotAddTime()" classname="org.espetro.client.gui.ClientGameStateTest" time="0.0"/>
  <system-out><![CDATA[]]></system-out>
  <system-err><![CDATA[]]></system-err>
</testsuite>
