<?xml version="1.0" encoding="UTF-8"?>
<testsuite name="org.espetro.mapconfig.ESPointsMapSnapshotTest" tests="4" skipped="0" failures="0" errors="0" timestamp="2026-07-25T07:08:49" hostname="cachyos-x8664" time="0.023">
  <properties/>
  <testcase name="rejectsMalformedCapturePlan(Path)" classname="org.espetro.mapconfig.ESPointsMapSnapshotTest" time="0.012"/>
  <testcase name="rejectsUnsafeOrForgedBackgrounds(Path)" classname="org.espetro.mapconfig.ESPointsMapSnapshotTest" time="0.004"/>
  <testcase name="loadsValidFrozenSnapshotAndDefensivelyCopiesBackground(Path)" classname="org.espetro.mapconfig.ESPointsMapSnapshotTest" time="0.002"/>
  <testcase name="supportsMapWithoutBackground(Path)" classname="org.espetro.mapconfig.ESPointsMapSnapshotTest" time="0.002"/>
  <system-out><![CDATA[]]></system-out>
  <system-err><![CDATA[]]></system-err>
</testsuite>
