<?xml version="1.0" encoding="UTF-8"?>
<testsuite name="org.espetro.dimension.BattlefieldNamespaceResetTest" tests="7" skipped="0" failures="0" errors="0" timestamp="2026-08-22T18:59:42" hostname="cachyos-x8664" time="0.027">
  <properties/>
  <testcase name="isolatesEntireExactNamespaceAndTouchesNothingElse(Path)" classname="org.espetro.dimension.BattlefieldNamespaceResetTest" time="0.008"/>
  <testcase name="failedMovesLeaveLiveNamespaceWholeAndFailGateResult(Path)" classname="org.espetro.dimension.BattlefieldNamespaceResetTest" time="0.002"/>
  <testcase name="absenceIsIdempotentEvenWhenMapListWouldBeInvalid(Path)" classname="org.espetro.dimension.BattlefieldNamespaceResetTest" time="0.002"/>
  <testcase name="parentSymlinkFailsAndExternalTargetIsUntouched(Path)" classname="org.espetro.dimension.BattlefieldNamespaceResetTest" time="0.001"/>
  <testcase name="deleteFailureKeepsReadyWithWarningAndQuarantinedTombstone(Path)" classname="org.espetro.dimension.BattlefieldNamespaceResetTest" time="0.003"/>
  <testcase name="namespaceSymlinkIsMovedWithoutFollowingTarget(Path)" classname="org.espetro.dimension.BattlefieldNamespaceResetTest" time="0.002"/>
  <testcase name="fallsBackOnlyWhenAtomicMoveIsUnsupported(Path)" classname="org.espetro.dimension.BattlefieldNamespaceResetTest" time="0.004"/>
  <system-out><![CDATA[]]></system-out>
  <system-err><![CDATA[]]></system-err>
</testsuite>
