<?xml version="1.0" encoding="UTF-8"?>
<testsuite name="org.espetro.client.gui.ResupplyRadialControllerTest" tests="3" skipped="0" failures="0" errors="0" timestamp="2026-08-28T10:28:29" hostname="cachyos-x8664" time="0.001">
  <properties/>
  <testcase name="pageCountRoundsUpAndNeverZero()" classname="org.espetro.client.gui.ResupplyRadialControllerTest" time="0.0"/>
  <testcase name="lastPageHasPreviousAndNoNext()" classname="org.espetro.client.gui.ResupplyRadialControllerTest" time="0.001"/>
  <testcase name="firstPageHasEntriesBackAndNext()" classname="org.espetro.client.gui.ResupplyRadialControllerTest" time="0.0"/>
  <system-out><![CDATA[]]></system-out>
  <system-err><![CDATA[]]></system-err>
</testsuite>
