<?xml version="1.0" encoding="UTF-8"?>
<testsuite name="org.espetro.team.ClassSwitchCooldownTrackerTest" tests="2" skipped="0" failures="0" errors="0" timestamp="2026-08-13T12:33:33" hostname="DESKTOP-1GK3H0A" time="0.003">
  <properties/>
  <testcase name="tracksEveryPlayerIndependentlyAndRoundsRemainingTimeUp()" classname="org.espetro.team.ClassSwitchCooldownTrackerTest" time="0.002"/>
  <testcase name="zeroSecondsDisablesCooldownAndRoundResetClearsAllPlayers()" classname="org.espetro.team.ClassSwitchCooldownTrackerTest" time="0.0"/>
  <system-out><![CDATA[]]></system-out>
  <system-err><![CDATA[]]></system-err>
</testsuite>
