<?xml version="1.0" encoding="UTF-8"?>
<testsuite name="org.espetro.team.TeamDisplayNamesTest" tests="2" skipped="0" failures="0" errors="0" timestamp="2026-08-28T10:28:32" hostname="cachyos-x8664" time="0.001">
  <properties/>
  <testcase name="aasKeepsAttackDefendLabels()" classname="org.espetro.team.TeamDisplayNamesTest" time="0.001"/>
  <testcase name="raasUsesSymmetricCampLabels()" classname="org.espetro.team.TeamDisplayNamesTest" time="0.0"/>
  <system-out><![CDATA[]]></system-out>
  <system-err><![CDATA[]]></system-err>
</testsuite>
