<?xml version="1.0" encoding="UTF-8"?>
<testsuite name="org.espetro.client.gui.FobSupplyHudTest" tests="2" skipped="0" failures="0" errors="0" timestamp="2026-08-28T10:28:29" hostname="cachyos-x8664" time="0.001">
  <properties/>
  <testcase name="redrawRevisionChangesOnlyWhenVisibleSupplyStateChanges()" classname="org.espetro.client.gui.FobSupplyHudTest" time="0.001"/>
  <testcase name="barWidthUsesIndependentCapacityAndClampsInvalidValues()" classname="org.espetro.client.gui.FobSupplyHudTest" time="0.0"/>
  <system-out><![CDATA[]]></system-out>
  <system-err><![CDATA[]]></system-err>
</testsuite>
