<?xml version="1.0" encoding="UTF-8"?>
<testsuite name="org.espetro.team.MapVoteManagerTest" tests="2" skipped="0" failures="0" errors="0" timestamp="2026-07-25T07:08:51" hostname="cachyos-x8664" time="0.007">
  <properties/>
  <testcase name="aTieAndNoVotesResolveOnlyInsideCandidatePool()" classname="org.espetro.team.MapVoteManagerTest" time="0.003"/>
  <testcase name="highestGlobalVoteWins()" classname="org.espetro.team.MapVoteManagerTest" time="0.002"/>
  <system-out><![CDATA[]]></system-out>
  <system-err><![CDATA[]]></system-err>
</testsuite>
