<?xml version="1.0" encoding="UTF-8"?>
<testsuite name="org.espetro.dimension.BattlefieldWorldManagerPathTest" tests="4" skipped="0" failures="0" errors="0" timestamp="2026-08-22T18:59:42" hostname="cachyos-x8664" time="0.02">
  <properties/>
  <testcase name="rejectsDimensionSymlinkEscapingSelectedSave(Path)" classname="org.espetro.dimension.BattlefieldWorldManagerPathTest" time="0.006"/>
  <testcase name="acceptsCustomDimensionInsideSelectedUnicodeSave(Path)" classname="org.espetro.dimension.BattlefieldWorldManagerPathTest" time="0.002"/>
  <testcase name="replacesDestroyedSaveCopyWithoutChangingEsWorldTemplate(Path)" classname="org.espetro.dimension.BattlefieldWorldManagerPathTest" time="0.008"/>
  <testcase name="rejectsContainerRootAndSiblingPaths(Path)" classname="org.espetro.dimension.BattlefieldWorldManagerPathTest" time="0.002"/>
  <system-out><![CDATA[]]></system-out>
  <system-err><![CDATA[]]></system-err>
</testsuite>
