<?xml version="1.0" encoding="UTF-8"?>
<testsuite name="org.espetro.client.gui.FobSupplyHudTest" tests="2" skipped="0" failures="0" errors="0" timestamp="2026-08-13T12:33:28" hostname="DESKTOP-1GK3H0A" time="0.004">
  <properties/>
  <testcase name="redrawRevisionChangesOnlyWhenVisibleSupplyStateChanges()" classname="org.espetro.client.gui.FobSupplyHudTest" time="0.003"/>
  <testcase name="barWidthUsesIndependentCapacityAndClampsInvalidValues()" classname="org.espetro.client.gui.FobSupplyHudTest" time="0.0"/>
  <system-out><![CDATA[]]></system-out>
  <system-err><![CDATA[]]></system-err>
</testsuite>
