<?xml version="1.0" encoding="UTF-8"?>
<testsuite name="org.espetro.audio.AudioPackIdTest" tests="2" skipped="0" failures="0" errors="0" timestamp="2026-08-28T10:28:29" hostname="cachyos-x8664" time="0.002">
  <properties/>
  <testcase name="acceptsTrimmedSingleDirectoryNames()" classname="org.espetro.audio.AudioPackIdTest" time="0.001"/>
  <testcase name="rejectsPathsAndWindowsInvalidCharacters()" classname="org.espetro.audio.AudioPackIdTest" time="0.001"/>
  <system-out><![CDATA[]]></system-out>
  <system-err><![CDATA[]]></system-err>
</testsuite>
