<?xml version="1.0" encoding="UTF-8"?>
<testsuite name="org.espetro.network.CurrentMapPacketTest" tests="2" skipped="0" failures="0" errors="0" timestamp="2026-08-22T18:59:44" hostname="cachyos-x8664" time="0.003">
  <properties/>
  <testcase name="gamePhaseRoundTripsCurrentMapFolder()" classname="org.espetro.network.CurrentMapPacketTest" time="0.001"/>
  <testcase name="gameStateRoundTripsCurrentMapFolder()" classname="org.espetro.network.CurrentMapPacketTest" time="0.001"/>
  <system-out><![CDATA[]]></system-out>
  <system-err><![CDATA[]]></system-err>
</testsuite>
