<?xml version="1.0" encoding="UTF-8"?>
<testsuite name="org.espetro.kubejs.EspetroKubeJSDefaultScriptsTest" tests="2" skipped="0" failures="0" errors="0" timestamp="2026-08-08T20:35:20" hostname="cachyos-x8664" time="0.041">
  <properties/>
  <testcase name="bundledEffectsUseExpectedImplementations()" classname="org.espetro.kubejs.EspetroKubeJSDefaultScriptsTest" time="0.002"/>
  <testcase name="bundledCommanderScriptsExistAndParse()" classname="org.espetro.kubejs.EspetroKubeJSDefaultScriptsTest" time="0.039"/>
  <system-out><![CDATA[]]></system-out>
  <system-err><![CDATA[]]></system-err>
</testsuite>
