<?xml version="1.0" encoding="UTF-8"?>
<testsuite name="org.espetro.bastion.RadioCoveragePolicyTest" tests="3" skipped="0" failures="0" errors="0" timestamp="2026-08-13T12:33:28" hostname="DESKTOP-1GK3H0A" time="0.004">
  <properties/>
  <testcase name="separationNeverAllowsBuildRangesToOverlap()" classname="org.espetro.bastion.RadioCoveragePolicyTest" time="0.001"/>
  <testcase name="touchingRangesAreAllowedButIntersectionIsRejected()" classname="org.espetro.bastion.RadioCoveragePolicyTest" time="0.001"/>
  <testcase name="enemyRadioNeverBlocksFriendlyRadioPlacement()" classname="org.espetro.bastion.RadioCoveragePolicyTest" time="0.0"/>
  <system-out><![CDATA[]]></system-out>
  <system-err><![CDATA[]]></system-err>
</testsuite>
