<?xml version="1.0" encoding="UTF-8"?>
<testsuite name="org.espetro.network.AudioCuePacketTest" tests="2" skipped="0" failures="0" errors="0" timestamp="2026-08-28T10:28:32" hostname="cachyos-x8664" time="0.024">
  <properties/>
  <testcase name="roundTripsBothNeutralizationCues()" classname="org.espetro.network.AudioCuePacketTest" time="0.023"/>
  <testcase name="roundTripsCueAndClientLocalPackIndex()" classname="org.espetro.network.AudioCuePacketTest" time="0.001"/>
  <system-out><![CDATA[]]></system-out>
  <system-err><![CDATA[]]></system-err>
</testsuite>
