<?xml version="1.0" encoding="UTF-8"?>
<testsuite name="org.espetro.governance.CommanderGovernanceManagerTest" tests="6" skipped="0" failures="0" errors="0" timestamp="2026-08-28T10:28:30" hostname="cachyos-x8664" time="0.005">
  <properties/>
  <testcase name="vacancyEmptyVolunteersReturnsNull()" classname="org.espetro.governance.CommanderGovernanceManagerTest" time="0.001"/>
  <testcase name="vacancyHighestVoteWins()" classname="org.espetro.governance.CommanderGovernanceManagerTest" time="0.0"/>
  <testcase name="impeachmentNoVotesKeepsIncumbent()" classname="org.espetro.governance.CommanderGovernanceManagerTest" time="0.0"/>
  <testcase name="impeachmentTieKeepsIncumbent()" classname="org.espetro.governance.CommanderGovernanceManagerTest" time="0.001"/>
  <testcase name="vacancyTieBreaksByLeaderSinceThenUuid()" classname="org.espetro.governance.CommanderGovernanceManagerTest" time="0.001"/>
  <testcase name="impeachmentChallengerNeedsStrictMajority()" classname="org.espetro.governance.CommanderGovernanceManagerTest" time="0.0"/>
  <system-out><![CDATA[]]></system-out>
  <system-err><![CDATA[]]></system-err>
</testsuite>
