<?xml version="1.0" encoding="UTF-8"?>
<testsuite name="org.espetro.kubejs.EspetroKubeJSDefaultScriptsTest" tests="2" skipped="0" failures="0" errors="0" timestamp="2026-07-29T18:44:21" hostname="cachyos-x8664" time="0.052">
  <properties/>
  <testcase name="bundledEffectsUseExpectedImplementations()" classname="org.espetro.kubejs.EspetroKubeJSDefaultScriptsTest" time="0.003"/>
  <testcase name="bundledCommanderScriptsExistAndParse()" classname="org.espetro.kubejs.EspetroKubeJSDefaultScriptsTest" time="0.048"/>
  <system-out><![CDATA[]]></system-out>
  <system-err><![CDATA[]]></system-err>
</testsuite>
