<?xml version="1.0" encoding="UTF-8"?>
<testsuite name="org.espetro.bastion.FortificationConfigTest" tests="3" skipped="0" failures="0" errors="0" timestamp="2026-08-13T12:33:28" hostname="DESKTOP-1GK3H0A" time="0.108">
  <properties/>
  <testcase name="loadsBuiltinProgressAndValidatedStructureBlueprint(Path)" classname="org.espetro.bastion.FortificationConfigTest" time="0.021"/>
  <testcase name="rejectsDuplicateStructureOffsets(Path)" classname="org.espetro.bastion.FortificationConfigTest" time="0.076"/>
  <testcase name="loadsBoundedServiceSettingsAndRejectsUnsafeEntries(Path)" classname="org.espetro.bastion.FortificationConfigTest" time="0.009"/>
  <system-out><![CDATA[[20:33:28] [Test worker/INFO] [or.es.Espetro/]: 已冻结工事配置: 1 条，主基地补给半径=40.0，补给站半径=20.0
[20:33:28] [Test worker/WARN] [or.es.Espetro/]: 忽略无效工事配置: duplicate_wall 包含重复结构偏移 0,0,0
[20:33:28] [Test worker/WARN] [or.es.Espetro/]: 工事配置没有有效条目，恢复内置默认值
[20:33:28] [Test worker/INFO] [or.es.Espetro/]: 已冻结工事配置: 3 条，主基地补给半径=40.0，补给站半径=20.0
[20:33:28] [Test worker/WARN] [or.es.Espetro/]: 忽略无效工事配置: ../invalid 的 id 格式无效
[20:33:28] [Test worker/INFO] [or.es.Espetro/]: 已冻结工事配置: 1 条，主基地补给半径=256.0，补给站半径=1.0
]]></system-out>
  <system-err><![CDATA[]]></system-err>
</testsuite>
