<?xml version="1.0" encoding="UTF-8"?>
<testsuite name="org.espetro.network.DeploySelectedClassSyncPacketTest" tests="2" skipped="0" failures="0" errors="0" timestamp="2026-08-22T18:59:44" hostname="cachyos-x8664" time="0.008">
  <properties/>
  <testcase name="unifiedDeployPacketRoundTripsRecipientSelectedClass()" classname="org.espetro.network.DeploySelectedClassSyncPacketTest" time="0.002"/>
  <testcase name="squadSyncPacketRoundTripsRecipientSelectedClass()" classname="org.espetro.network.DeploySelectedClassSyncPacketTest" time="0.006"/>
  <system-out><![CDATA[]]></system-out>
  <system-err><![CDATA[]]></system-err>
</testsuite>
