<?xml version="1.0" encoding="UTF-8"?>
<testsuite name="org.espetro.bastion.RadioLossPolicyTest" tests="2" skipped="0" failures="0" errors="0" timestamp="2026-08-16T06:11:46" hostname="cachyos-x8664" time="0.002">
  <properties/>
  <testcase name="onlyFriendlyShovelAndMatchEndSkipRadioManpower()" classname="org.espetro.bastion.RadioLossPolicyTest" time="0.001"/>
  <testcase name="explosionOnRadioCoreAlwaysScoresLossEvenWhenIndexedAsFort()" classname="org.espetro.bastion.RadioLossPolicyTest" time="0.001"/>
  <system-out><![CDATA[]]></system-out>
  <system-err><![CDATA[]]></system-err>
</testsuite>
