<?xml version="1.0" encoding="UTF-8"?>
<testsuite name="org.espetro.client.gui.FactionSelectionImageResolverTest" tests="3" skipped="0" failures="0" errors="0" timestamp="2026-08-22T18:59:42" hostname="cachyos-x8664" time="0.008">
  <properties/>
  <testcase name="ignoresResourceLocationsAndMissingFiles(Path)" classname="org.espetro.client.gui.FactionSelectionImageResolverTest" time="0.002"/>
  <testcase name="rejectsPathsOutsideClientEsFactions(Path)" classname="org.espetro.client.gui.FactionSelectionImageResolverTest" time="0.002"/>
  <testcase name="resolvesRelativeImageFromClientEsFactions(Path)" classname="org.espetro.client.gui.FactionSelectionImageResolverTest" time="0.002"/>
  <system-out><![CDATA[]]></system-out>
  <system-err><![CDATA[]]></system-err>
</testsuite>
