<?xml version="1.0" encoding="UTF-8"?>
<testsuite name="org.espetro.bastion.RadioCoveragePolicyTest" tests="3" skipped="0" failures="0" errors="0" timestamp="2026-08-22T18:59:42" hostname="cachyos-x8664" time="0.003">
  <properties/>
  <testcase name="separationNeverAllowsBuildRangesToOverlap()" classname="org.espetro.bastion.RadioCoveragePolicyTest" time="0.001"/>
  <testcase name="touchingRangesAreAllowedButIntersectionIsRejected()" classname="org.espetro.bastion.RadioCoveragePolicyTest" time="0.001"/>
  <testcase name="enemyRadioNeverBlocksFriendlyRadioPlacement()" classname="org.espetro.bastion.RadioCoveragePolicyTest" time="0.001"/>
  <system-out><![CDATA[]]></system-out>
  <system-err><![CDATA[]]></system-err>
</testsuite>
