<?xml version="1.0" encoding="UTF-8"?>
<testsuite name="org.espetro.dimension.BattlefieldWorldManagerPathTest" tests="4" skipped="0" failures="0" errors="0" timestamp="2026-08-08T01:41:56" hostname="DESKTOP-1GK3H0A" time="0.105">
  <properties/>
  <testcase name="rejectsDimensionSymlinkEscapingSelectedSave(Path)" classname="org.espetro.dimension.BattlefieldWorldManagerPathTest" time="0.014"/>
  <testcase name="acceptsCustomDimensionInsideSelectedUnicodeSave(Path)" classname="org.espetro.dimension.BattlefieldWorldManagerPathTest" time="0.008"/>
  <testcase name="replacesDestroyedSaveCopyWithoutChangingEsWorldTemplate(Path)" classname="org.espetro.dimension.BattlefieldWorldManagerPathTest" time="0.076"/>
  <testcase name="rejectsContainerRootAndSiblingPaths(Path)" classname="org.espetro.dimension.BattlefieldWorldManagerPathTest" time="0.004"/>
  <system-out><![CDATA[]]></system-out>
  <system-err><![CDATA[]]></system-err>
</testsuite>
