<?xml version="1.0" encoding="UTF-8"?>
<testsuite name="org.espetro.team.ClassAttributeBonusPolicyTest" tests="3" skipped="0" failures="0" errors="0" timestamp="2026-08-22T18:59:44" hostname="cachyos-x8664" time="0.001">
  <properties/>
  <testcase name="removingBonusOnlyClampsAndNeverHeals()" classname="org.espetro.team.ClassAttributeBonusPolicyTest" time="0.0"/>
  <testcase name="speedBonusIsAProportionalMultiplier()" classname="org.espetro.team.ClassAttributeBonusPolicyTest" time="0.0"/>
  <testcase name="healthBonusUsesMinecraftHealthPoints()" classname="org.espetro.team.ClassAttributeBonusPolicyTest" time="0.0"/>
  <system-out><![CDATA[]]></system-out>
  <system-err><![CDATA[]]></system-err>
</testsuite>
