<?xml version="1.0" encoding="UTF-8"?>
<testsuite name="org.espetro.mapconfig.ExternalMapConfigTest" tests="5" skipped="0" failures="0" errors="0" timestamp="2026-07-29T18:44:24" hostname="cachyos-x8664" time="0.061">
  <properties/>
  <testcase name="bundledFlatExampleProvidesItsOwnFlatDimensionGenerator(Path)" classname="org.espetro.mapconfig.ExternalMapConfigTest" time="0.017"/>
  <testcase name="vehicleSpawnAndUnicodeSquadMarkerPreserveConfigurationOrder()" classname="org.espetro.mapconfig.ExternalMapConfigTest" time="0.002"/>
  <testcase name="factionVehicleTypesNormalizeAndSlotOverflowIsFiltered(Path)" classname="org.espetro.mapconfig.ExternalMapConfigTest" time="0.027"/>
  <testcase name="completeMapLoadsAndMissingWorldDataIsRejected(Path)" classname="org.espetro.mapconfig.ExternalMapConfigTest" time="0.01"/>
  <testcase name="dimensionIdsAreStableAndReservedNamespacesAreRejected()" classname="org.espetro.mapconfig.ExternalMapConfigTest" time="0.002"/>
  <system-out><![CDATA[[02:44:24] [Test worker/INFO] [or.es.Espetro/]: 加载外部编制: /tmp/junit6993114877723635069/compatible.json (Test)
[02:44:24] [Test worker/INFO] [or.es.Espetro/]: EsFactions 已冻结: 1 个编制, 1 个职业
[02:44:24] [Test worker/INFO] [or.es.Espetro/]: 加载外部编制: /tmp/junit6993114877723635069/overflow.json (Test)
[02:44:24] [Test worker/INFO] [or.es.Espetro/]: EsFactions 已冻结: 1 个编制, 1 个职业
]]></system-out>
  <system-err><![CDATA[]]></system-err>
</testsuite>
