<?xml version="1.0" encoding="UTF-8"?>
<testsuite name="org.espetro.bastion.FortificationNbtSanitizerTest" tests="2" skipped="0" failures="0" errors="0" timestamp="2026-08-22T18:59:42" hostname="cachyos-x8664" time="0.02">
  <properties/>
  <testcase name="entityKeepsVisualFieldsAndStripsGameplayState()" classname="org.espetro.bastion.FortificationNbtSanitizerTest" time="0.018"/>
  <testcase name="rejectsPlayersUnknownBlockEntitiesAndDeepPassengers()" classname="org.espetro.bastion.FortificationNbtSanitizerTest" time="0.001"/>
  <system-out><![CDATA[]]></system-out>
  <system-err><![CDATA[]]></system-err>
</testsuite>
