<?xml version="1.0" encoding="UTF-8"?>
<testsuite name="org.espetro.client.gui.RadioRadialControllerTest" tests="4" skipped="0" failures="0" errors="0" timestamp="2026-08-22T18:59:42" hostname="cachyos-x8664" time="0.005">
  <properties/>
  <testcase name="rootHasResupplyAndChangeClassOnly()" classname="org.espetro.client.gui.RadioRadialControllerTest" time="0.002"/>
  <testcase name="sanitizeRejectsPathSeparators()" classname="org.espetro.client.gui.RadioRadialControllerTest" time="0.0"/>
  <testcase name="emptyClassListShowsUnavailableSlot()" classname="org.espetro.client.gui.RadioRadialControllerTest" time="0.0"/>
  <testcase name="classMenuKeepsBackSlotAndSanitizesIds()" classname="org.espetro.client.gui.RadioRadialControllerTest" time="0.001"/>
  <system-out><![CDATA[]]></system-out>
  <system-err><![CDATA[]]></system-err>
</testsuite>
