<?xml version="1.0" encoding="UTF-8"?>
<testsuite name="org.espetro.stamina.StaminaRecoveryPolicyTest" tests="3" skipped="0" failures="0" errors="0" timestamp="2026-08-09T09:19:04" hostname="cachyos-x8664" time="0.001">
  <properties/>
  <testcase name="targetShortensAnImpossibleDelay()" classname="org.espetro.stamina.StaminaRecoveryPolicyTest" time="0.0"/>
  <testcase name="depletedBarsOfDifferentSizesRecoverWithinTwelveSeconds()" classname="org.espetro.stamina.StaminaRecoveryPolicyTest" time="0.0"/>
  <testcase name="configuredRateRemainsTheMinimumAndZeroTargetKeepsLegacyBehavior()" classname="org.espetro.stamina.StaminaRecoveryPolicyTest" time="0.0"/>
  <system-out><![CDATA[]]></system-out>
  <system-err><![CDATA[]]></system-err>
</testsuite>
