<?xml version="1.0" encoding="UTF-8"?>
<testsuite name="org.espetro.logistics.AmmoResupplyPolicyTest" tests="3" skipped="0" failures="0" errors="0" timestamp="2026-08-13T12:33:29" hostname="DESKTOP-1GK3H0A" time="0.003">
  <properties/>
  <testcase name="fullInventoryHasNoResupplyGap()" classname="org.espetro.logistics.AmmoResupplyPolicyTest" time="0.001"/>
  <testcase name="onlyMissingAmountCanBeGranted()" classname="org.espetro.logistics.AmmoResupplyPolicyTest" time="0.001"/>
  <testcase name="radioMustAffordTheWholeConfiguredCost()" classname="org.espetro.logistics.AmmoResupplyPolicyTest" time="0.001"/>
  <system-out><![CDATA[]]></system-out>
  <system-err><![CDATA[]]></system-err>
</testsuite>
