<?xml version="1.0" encoding="UTF-8"?>
<testsuite name="org.espetro.vehicle.InitialVehicleDeploymentLedgerTest" tests="2" skipped="0" failures="0" errors="0" timestamp="2026-08-08T01:42:00" hostname="DESKTOP-1GK3H0A" time="0.004">
  <properties/>
  <testcase name="claimsEveryConfiguredSlotOnceAcrossRepeatedPhaseHooks()" classname="org.espetro.vehicle.InitialVehicleDeploymentLedgerTest" time="0.003"/>
  <testcase name="roundResetAllowsTheNextMatchToDeployItsFirstWave()" classname="org.espetro.vehicle.InitialVehicleDeploymentLedgerTest" time="0.0"/>
  <system-out><![CDATA[]]></system-out>
  <system-err><![CDATA[]]></system-err>
</testsuite>
