<?xml version="1.0" encoding="UTF-8"?>
<testsuite name="org.espetro.api.TacticalMapStateSnapshotTest" tests="2" skipped="0" failures="0" errors="0" timestamp="2026-08-22T18:59:41" hostname="cachyos-x8664" time="0.204">
  <properties/>
  <testcase name="dirtyMarkRebuildsOnceAndAdvancesRevision()" classname="org.espetro.api.TacticalMapStateSnapshotTest" time="0.199"/>
  <testcase name="unchangedContentReusesImmutableSnapshotAndRevision()" classname="org.espetro.api.TacticalMapStateSnapshotTest" time="0.004"/>
  <system-out><![CDATA[]]></system-out>
  <system-err><![CDATA[]]></system-err>
</testsuite>
