<?xml version="1.0" encoding="UTF-8"?>
<testsuite name="org.espetro.client.gui.ClientGameStateTest" tests="2" skipped="0" failures="0" errors="0" timestamp="2026-08-13T12:33:28" hostname="DESKTOP-1GK3H0A" time="0.008">
  <properties/>
  <testcase name="battleTimerUsesServerAnchorAndDecrementsLocally()" classname="org.espetro.client.gui.ClientGameStateTest" time="0.006"/>
  <testcase name="missingTimerRemainsHiddenAndClockSkewCannotAddTime()" classname="org.espetro.client.gui.ClientGameStateTest" time="0.001"/>
  <system-out><![CDATA[]]></system-out>
  <system-err><![CDATA[]]></system-err>
</testsuite>
