<?xml version="1.0" encoding="UTF-8"?>
<testsuite name="org.espetro.vehicle.InitialVehicleDeploymentLedgerTest" tests="4" skipped="0" failures="0" errors="0" timestamp="2026-08-08T20:35:22" hostname="cachyos-x8664" time="0.005">
  <properties/>
  <testcase name="claimsEveryConfiguredSlotOnceAcrossRepeatedPhaseHooks()" classname="org.espetro.vehicle.InitialVehicleDeploymentLedgerTest" time="0.003"/>
  <testcase name="roundResetAllowsTheNextMatchToDeployItsFirstWave()" classname="org.espetro.vehicle.InitialVehicleDeploymentLedgerTest" time="0.0"/>
  <testcase name="initialDelayUsesDeployPhaseStartAndZeroIsImmediatelyDue()" classname="org.espetro.vehicle.InitialVehicleDeploymentLedgerTest" time="0.001"/>
  <testcase name="initialDelayCalculationCannotOverflowEpochMillis()" classname="org.espetro.vehicle.InitialVehicleDeploymentLedgerTest" time="0.0"/>
  <system-out><![CDATA[]]></system-out>
  <system-err><![CDATA[]]></system-err>
</testsuite>
