<?xml version="1.0" encoding="UTF-8"?>
<testsuite name="org.espetro.client.gui.VehicleWheelControllerTest" tests="3" skipped="0" failures="0" errors="0" timestamp="2026-08-28T10:28:29" hostname="cachyos-x8664" time="0.005">
  <properties/>
  <testcase name="visibleActionsFollowSnapshotFlags()" classname="org.espetro.client.gui.VehicleWheelControllerTest" time="0.003"/>
  <testcase name="layoutSignatureTracksVisibleFamilies()" classname="org.espetro.client.gui.VehicleWheelControllerTest" time="0.0"/>
  <testcase name="transferActionsAreHoldRepeatOnly()" classname="org.espetro.client.gui.VehicleWheelControllerTest" time="0.0"/>
  <system-out><![CDATA[]]></system-out>
  <system-err><![CDATA[]]></system-err>
</testsuite>
