<?xml version="1.0" encoding="UTF-8"?>
<testsuite name="org.espetro.client.aui.AuiScreenHostTest" tests="2" skipped="0" failures="0" errors="0" timestamp="2026-08-22T18:59:42" hostname="cachyos-x8664" time="0.002">
  <properties/>
  <testcase name="hostPathIsOreThemedScreenNotOverlay()" classname="org.espetro.client.aui.AuiScreenHostTest" time="0.0"/>
  <testcase name="widgetTreeWorksWithoutDocumentForHudPaint()" classname="org.espetro.client.aui.AuiScreenHostTest" time="0.001"/>
  <system-out><![CDATA[]]></system-out>
  <system-err><![CDATA[]]></system-err>
</testsuite>
